
2024/07/18 (14:57:44) | ===> btop++ v.1.3.2
2024/07/18 (14:57:44) | INFO: Logger set to INFO
2024/07/18 (14:57:45) | INFO: Logger set to DEBUG
2024/07/18 (14:59:40) | DEBUG: Loading theme file: /usr/share/btop/themes/gruvbox_dark.theme
2024/07/18 (14:59:41) | DEBUG: Loading theme file: /usr/share/btop/themes/gruvbox_material_dark.theme
2024/07/18 (14:59:42) | DEBUG: Loading theme file: /usr/share/btop/themes/paper.theme
2024/07/18 (15:02:34) | DEBUG: Writing new config file
2024/07/18 (15:02:34) | INFO: Quitting! Runtime: 00:07:25

2024/07/30 (20:31:00) | ===> btop++ v.1.3.2
2024/07/30 (20:31:00) | INFO: Logger set to DEBUG
2024/07/30 (20:31:00) | DEBUG: Using locale en_US.UTF-8
2024/07/30 (20:31:00) | INFO: Running on /dev/pts/0
2024/07/30 (20:31:00) | INFO: Failed to load libnvidia-ml.so, NVIDIA GPUs will not be detected: libnvidia-ml.so.1: cannot open shared object file: No such file or directory
2024/07/30 (20:31:00) | INFO: Failed to load librocm_smi64.so, AMD GPUs will not be detected: librocm_smi64.so.6: cannot open shared object file: No such file or directory
2024/07/30 (20:31:00) | DEBUG: Shared::init() : Initialized.
2024/07/30 (20:31:24) | INFO: Quitting! Runtime: 00:00:24

2024/07/30 (20:32:33) | ===> btop++ v.1.3.2
2024/07/30 (20:32:33) | INFO: Logger set to DEBUG
2024/07/30 (20:32:33) | DEBUG: Using locale en_US.UTF-8
2024/07/30 (20:32:33) | INFO: Running on /dev/pts/0
2024/07/30 (20:32:33) | INFO: Failed to load libnvidia-ml.so, NVIDIA GPUs will not be detected: libnvidia-ml.so.1: cannot open shared object file: No such file or directory
2024/07/30 (20:32:33) | INFO: Failed to load librocm_smi64.so, AMD GPUs will not be detected: librocm_smi64.so.6: cannot open shared object file: No such file or directory
2024/07/30 (20:32:33) | DEBUG: Shared::init() : Initialized.

2024/07/30 (22:16:40) | ===> btop++ v.1.3.2
2024/07/30 (22:16:40) | INFO: Logger set to DEBUG
2024/07/30 (22:16:40) | DEBUG: Using locale en_US.UTF-8
2024/07/30 (22:16:40) | INFO: Running on /dev/pts/2
2024/07/30 (22:16:40) | INFO: Failed to load libnvidia-ml.so, NVIDIA GPUs will not be detected: libnvidia-ml.so.1: cannot open shared object file: No such file or directory
2024/07/30 (22:16:40) | INFO: Failed to load librocm_smi64.so, AMD GPUs will not be detected: librocm_smi64.so.6: cannot open shared object file: No such file or directory
2024/07/30 (22:16:40) | DEBUG: Shared::init() : Initialized.

2024/08/04 (10:51:43) | ===> btop++ v.1.3.2
2024/08/04 (10:51:43) | INFO: Logger set to DEBUG
2024/08/04 (10:51:43) | DEBUG: Using locale en_US.UTF-8
2024/08/04 (10:51:43) | INFO: Running on /dev/pts/1
2024/08/04 (10:51:43) | INFO: Failed to load libnvidia-ml.so, NVIDIA GPUs will not be detected: libnvidia-ml.so.1: cannot open shared object file: No such file or directory
2024/08/04 (10:51:43) | INFO: Failed to load librocm_smi64.so, AMD GPUs will not be detected: librocm_smi64.so.6: cannot open shared object file: No such file or directory
2024/08/04 (10:51:43) | DEBUG: Shared::init() : Initialized.

2024/08/04 (12:53:20) | ===> btop++ v.1.3.2
2024/08/04 (12:53:20) | INFO: Logger set to DEBUG
2024/08/04 (12:53:20) | DEBUG: Using locale en_US.UTF-8
2024/08/04 (12:53:20) | INFO: Running on /dev/pts/1
2024/08/04 (12:53:21) | INFO: Failed to load libnvidia-ml.so, NVIDIA GPUs will not be detected: libnvidia-ml.so.1: cannot open shared object file: No such file or directory
2024/08/04 (12:53:21) | INFO: Failed to load librocm_smi64.so, AMD GPUs will not be detected: librocm_smi64.so.6: cannot open shared object file: No such file or directory
2024/08/04 (12:53:21) | DEBUG: Shared::init() : Initialized.

2024/08/05 (07:24:00) | ===> btop++ v.1.3.2
2024/08/05 (07:24:00) | INFO: Logger set to DEBUG
2024/08/05 (07:24:00) | DEBUG: Using locale en_US.UTF-8
2024/08/05 (07:24:00) | INFO: Running on /dev/pts/0
2024/08/05 (07:24:00) | INFO: Failed to load libnvidia-ml.so, NVIDIA GPUs will not be detected: libnvidia-ml.so.1: cannot open shared object file: No such file or directory
2024/08/05 (07:24:00) | INFO: Failed to load librocm_smi64.so, AMD GPUs will not be detected: librocm_smi64.so.6: cannot open shared object file: No such file or directory
2024/08/05 (07:24:00) | DEBUG: Shared::init() : Initialized.

2024/08/05 (07:38:45) | ===> btop++ v.1.3.2
2024/08/05 (07:38:45) | INFO: Logger set to DEBUG
2024/08/05 (07:38:45) | DEBUG: Using locale en_US.UTF-8
2024/08/05 (07:38:45) | INFO: Running on /dev/pts/1
2024/08/05 (07:38:45) | INFO: Failed to load libnvidia-ml.so, NVIDIA GPUs will not be detected: libnvidia-ml.so.1: cannot open shared object file: No such file or directory
2024/08/05 (07:38:45) | INFO: Failed to load librocm_smi64.so, AMD GPUs will not be detected: librocm_smi64.so.6: cannot open shared object file: No such file or directory
2024/08/05 (07:38:45) | DEBUG: Shared::init() : Initialized.

2024/08/11 (18:34:16) | ===> btop++ v.1.3.2
2024/08/11 (18:34:16) | INFO: Logger set to DEBUG
2024/08/11 (18:34:16) | DEBUG: Using locale en_US.UTF-8
2024/08/11 (18:34:16) | INFO: Running on /dev/pts/1
2024/08/11 (18:34:16) | INFO: Failed to load libnvidia-ml.so, NVIDIA GPUs will not be detected: libnvidia-ml.so.1: cannot open shared object file: No such file or directory
2024/08/11 (18:34:16) | INFO: Failed to load librocm_smi64.so, AMD GPUs will not be detected: librocm_smi64.so.6: cannot open shared object file: No such file or directory
2024/08/11 (18:34:16) | DEBUG: Shared::init() : Initialized.

2024/08/12 (08:33:02) | ===> btop++ v.1.3.2
2024/08/12 (08:33:02) | INFO: Logger set to DEBUG
2024/08/12 (08:33:02) | DEBUG: Using locale en_US.UTF-8
2024/08/12 (08:33:02) | INFO: Running on /dev/pts/0
2024/08/12 (08:33:02) | INFO: Failed to load libnvidia-ml.so, NVIDIA GPUs will not be detected: libnvidia-ml.so.1: cannot open shared object file: No such file or directory
2024/08/12 (08:33:02) | INFO: Failed to load librocm_smi64.so, AMD GPUs will not be detected: librocm_smi64.so.6: cannot open shared object file: No such file or directory
2024/08/12 (08:33:02) | DEBUG: Shared::init() : Initialized.
2024/08/12 (08:33:07) | INFO: Quitting! Runtime: 00:00:05

2024/08/18 (14:09:12) | ===> btop++ v.1.3.2
2024/08/18 (14:09:12) | INFO: Logger set to DEBUG
2024/08/18 (14:09:12) | DEBUG: Using locale en_US.UTF-8
2024/08/18 (14:09:12) | INFO: Running on /dev/pts/0
2024/08/18 (14:09:12) | INFO: Failed to load libnvidia-ml.so, NVIDIA GPUs will not be detected: libnvidia-ml.so.1: cannot open shared object file: No such file or directory
2024/08/18 (14:09:12) | INFO: Failed to load librocm_smi64.so, AMD GPUs will not be detected: librocm_smi64.so.6: cannot open shared object file: No such file or directory
2024/08/18 (14:09:12) | DEBUG: Shared::init() : Initialized.

2024/09/05 (10:31:11) | ===> btop++ v.1.3.2
2024/09/05 (10:31:11) | INFO: Logger set to DEBUG
2024/09/05 (10:31:11) | DEBUG: Using locale en_US.UTF-8
2024/09/05 (10:31:11) | INFO: Running on /dev/pts/0
2024/09/05 (10:31:11) | INFO: Failed to load libnvidia-ml.so, NVIDIA GPUs will not be detected: libnvidia-ml.so.1: cannot open shared object file: No such file or directory
2024/09/05 (10:31:11) | INFO: Failed to load librocm_smi64.so, AMD GPUs will not be detected: librocm_smi64.so.6: cannot open shared object file: No such file or directory
2024/09/05 (10:31:11) | DEBUG: Shared::init() : Initialized.
2024/09/05 (10:31:24) | INFO: Quitting! Runtime: 00:00:13

2024/09/11 (22:42:34) | ===> btop++ v.1.3.2
2024/09/11 (22:42:34) | INFO: Logger set to DEBUG
2024/09/11 (22:42:34) | DEBUG: Using locale en_US.UTF-8
2024/09/11 (22:42:34) | INFO: Running on /dev/pts/4
2024/09/11 (22:42:34) | INFO: Failed to load libnvidia-ml.so, NVIDIA GPUs will not be detected: libnvidia-ml.so.1: cannot open shared object file: No such file or directory
2024/09/11 (22:42:34) | INFO: Failed to load librocm_smi64.so, AMD GPUs will not be detected: librocm_smi64.so.6: cannot open shared object file: No such file or directory
2024/09/11 (22:42:34) | DEBUG: Shared::init() : Initialized.

2024/09/14 (19:58:45) | ===> btop++ v.1.3.2
2024/09/14 (19:58:45) | INFO: Logger set to DEBUG
2024/09/14 (19:58:45) | DEBUG: Using locale en_US.UTF-8
2024/09/14 (19:58:45) | INFO: Running on /dev/pts/1
2024/09/14 (19:58:45) | INFO: Failed to load libnvidia-ml.so, NVIDIA GPUs will not be detected: libnvidia-ml.so.1: cannot open shared object file: No such file or directory
2024/09/14 (19:58:45) | INFO: Failed to load librocm_smi64.so, AMD GPUs will not be detected: librocm_smi64.so.6: cannot open shared object file: No such file or directory
2024/09/14 (19:58:45) | DEBUG: Shared::init() : Initialized.

2024/09/19 (00:24:30) | ===> btop++ v.1.3.2
2024/09/19 (00:24:30) | INFO: Logger set to DEBUG
2024/09/19 (00:24:30) | DEBUG: Using locale en_US.UTF-8
2024/09/19 (00:24:30) | INFO: Running on /dev/pts/1
2024/09/19 (00:24:30) | INFO: Failed to load libnvidia-ml.so, NVIDIA GPUs will not be detected: libnvidia-ml.so.1: cannot open shared object file: No such file or directory
2024/09/19 (00:24:30) | INFO: Failed to load librocm_smi64.so, AMD GPUs will not be detected: librocm_smi64.so.6: cannot open shared object file: No such file or directory
2024/09/19 (00:24:30) | DEBUG: Shared::init() : Initialized.

2024/09/23 (12:14:49) | ===> btop++ v.1.4.0
2024/09/23 (12:14:49) | INFO: Logger set to DEBUG
2024/09/23 (12:14:49) | DEBUG: Using locale en_US.UTF-8
2024/09/23 (12:14:49) | INFO: Running on /dev/pts/0
2024/09/23 (12:14:49) | INFO: Failed to load libnvidia-ml.so, NVIDIA GPUs will not be detected: libnvidia-ml.so.1: cannot open shared object file: No such file or directory
2024/09/23 (12:14:49) | INFO: Failed to load librocm_smi64.so, AMD GPUs will not be detected: librocm_smi64.so.6: cannot open shared object file: No such file or directory
2024/09/23 (12:14:49) | WARNING: Intel GPU: Failed to initialize PMU
2024/09/23 (12:14:49) | DEBUG: Shared::init() : Initialized.

2024/09/24 (12:07:28) | ===> btop++ v.1.4.0
2024/09/24 (12:07:28) | INFO: Logger set to DEBUG
2024/09/24 (12:07:28) | DEBUG: Using locale en_US.UTF-8
2024/09/24 (12:07:28) | INFO: Running on /dev/pts/1
2024/09/24 (12:07:28) | INFO: Failed to load libnvidia-ml.so, NVIDIA GPUs will not be detected: libnvidia-ml.so.1: cannot open shared object file: No such file or directory
2024/09/24 (12:07:28) | INFO: Failed to load librocm_smi64.so, AMD GPUs will not be detected: librocm_smi64.so.6: cannot open shared object file: No such file or directory
2024/09/24 (12:07:28) | WARNING: Intel GPU: Failed to initialize PMU
2024/09/24 (12:07:28) | DEBUG: Shared::init() : Initialized.
2024/09/24 (12:07:29) | DEBUG: Writing new config file
2024/09/24 (12:07:29) | INFO: Quitting! Runtime: 00:00:01

2024/09/24 (18:20:21) | ===> btop++ v.1.4.0
2024/09/24 (18:20:21) | INFO: Logger set to DEBUG
2024/09/24 (18:20:21) | DEBUG: Using locale en_US.UTF-8
2024/09/24 (18:20:21) | INFO: Running on /dev/pts/0
2024/09/24 (18:20:21) | INFO: Failed to load libnvidia-ml.so, NVIDIA GPUs will not be detected: libnvidia-ml.so.1: cannot open shared object file: No such file or directory
2024/09/24 (18:20:21) | INFO: Failed to load librocm_smi64.so, AMD GPUs will not be detected: librocm_smi64.so.6: cannot open shared object file: No such file or directory
2024/09/24 (18:20:21) | WARNING: Intel GPU: Failed to initialize PMU
2024/09/24 (18:20:21) | DEBUG: Shared::init() : Initialized.
2024/09/24 (18:20:31) | INFO: Quitting! Runtime: 00:00:10

2024/09/27 (14:40:45) | ===> btop++ v.1.4.0
2024/09/27 (14:40:45) | INFO: Logger set to DEBUG
2024/09/27 (14:40:45) | DEBUG: Using locale en_US.UTF-8
2024/09/27 (14:40:45) | INFO: Running on /dev/pts/0
2024/09/27 (14:40:45) | INFO: Failed to load libnvidia-ml.so, NVIDIA GPUs will not be detected: libnvidia-ml.so.1: cannot open shared object file: No such file or directory
2024/09/27 (14:40:45) | INFO: Failed to load librocm_smi64.so, AMD GPUs will not be detected: librocm_smi64.so.6: cannot open shared object file: No such file or directory
2024/09/27 (14:40:45) | WARNING: Intel GPU: Failed to initialize PMU
2024/09/27 (14:40:45) | DEBUG: Shared::init() : Initialized.
2024/09/27 (14:41:01) | DEBUG: Writing new config file
2024/09/27 (14:41:01) | INFO: Quitting! Runtime: 00:00:16

2024/09/27 (17:58:52) | ===> btop++ v.1.4.0
2024/09/27 (17:58:52) | INFO: Logger set to DEBUG
2024/09/27 (17:58:52) | DEBUG: Using locale en_US.UTF-8
2024/09/27 (17:58:52) | INFO: Running on /dev/pts/2
2024/09/27 (17:58:52) | INFO: Failed to load libnvidia-ml.so, NVIDIA GPUs will not be detected: libnvidia-ml.so.1: cannot open shared object file: No such file or directory
2024/09/27 (17:58:52) | INFO: Failed to load librocm_smi64.so, AMD GPUs will not be detected: librocm_smi64.so.6: cannot open shared object file: No such file or directory
2024/09/27 (17:58:52) | WARNING: Intel GPU: Failed to initialize PMU
2024/09/27 (17:58:52) | DEBUG: Shared::init() : Initialized.
2024/09/27 (17:59:12) | INFO: Quitting! Runtime: 00:00:20

2024/09/27 (18:23:49) | ===> btop++ v.1.4.0
2024/09/27 (18:23:49) | INFO: Logger set to DEBUG
2024/09/27 (18:23:49) | DEBUG: Using locale en_US.UTF-8
2024/09/27 (18:23:49) | INFO: Running on /dev/pts/1
2024/09/27 (18:23:50) | INFO: Failed to load libnvidia-ml.so, NVIDIA GPUs will not be detected: libnvidia-ml.so.1: cannot open shared object file: No such file or directory
2024/09/27 (18:23:50) | INFO: Failed to load librocm_smi64.so, AMD GPUs will not be detected: librocm_smi64.so.6: cannot open shared object file: No such file or directory
2024/09/27 (18:23:50) | WARNING: Intel GPU: Failed to initialize PMU
2024/09/27 (18:23:50) | DEBUG: Shared::init() : Initialized.
2024/09/27 (18:24:00) | INFO: Quitting! Runtime: 00:00:11

2024/09/27 (18:25:07) | ===> btop++ v.1.4.0
2024/09/27 (18:25:07) | INFO: Logger set to DEBUG
2024/09/27 (18:25:07) | DEBUG: Using locale en_US.UTF-8
2024/09/27 (18:25:07) | INFO: Running on /dev/pts/1
2024/09/27 (18:25:07) | INFO: Failed to load libnvidia-ml.so, NVIDIA GPUs will not be detected: libnvidia-ml.so.1: cannot open shared object file: No such file or directory
2024/09/27 (18:25:07) | INFO: Failed to load librocm_smi64.so, AMD GPUs will not be detected: librocm_smi64.so.6: cannot open shared object file: No such file or directory
2024/09/27 (18:25:07) | WARNING: Intel GPU: Failed to initialize PMU
2024/09/27 (18:25:07) | DEBUG: Shared::init() : Initialized.
2024/09/27 (18:25:21) | INFO: Quitting! Runtime: 00:00:14

2024/09/28 (20:32:14) | ===> btop++ v.1.4.0
2024/09/28 (20:32:14) | INFO: Logger set to DEBUG
2024/09/28 (20:32:14) | DEBUG: Using locale en_US.UTF-8
2024/09/28 (20:32:14) | INFO: Running on /dev/pts/1
2024/09/28 (20:32:14) | INFO: Failed to load libnvidia-ml.so, NVIDIA GPUs will not be detected: libnvidia-ml.so.1: cannot open shared object file: No such file or directory
2024/09/28 (20:32:14) | INFO: Failed to load librocm_smi64.so, AMD GPUs will not be detected: librocm_smi64.so.6: cannot open shared object file: No such file or directory
2024/09/28 (20:32:14) | WARNING: Intel GPU: Failed to initialize PMU
2024/09/28 (20:32:14) | DEBUG: Shared::init() : Initialized.
2024/09/28 (20:32:29) | INFO: Quitting! Runtime: 00:00:15

2024/09/28 (20:34:49) | ===> btop++ v.1.4.0
2024/09/28 (20:34:49) | INFO: Logger set to DEBUG
2024/09/28 (20:34:49) | DEBUG: Using locale en_US.UTF-8
2024/09/28 (20:34:49) | INFO: Running on /dev/pts/1
2024/09/28 (20:34:49) | INFO: Failed to load libnvidia-ml.so, NVIDIA GPUs will not be detected: libnvidia-ml.so.1: cannot open shared object file: No such file or directory
2024/09/28 (20:34:49) | INFO: Failed to load librocm_smi64.so, AMD GPUs will not be detected: librocm_smi64.so.6: cannot open shared object file: No such file or directory
2024/09/28 (20:34:49) | WARNING: Intel GPU: Failed to initialize PMU
2024/09/28 (20:34:49) | DEBUG: Shared::init() : Initialized.
2024/09/29 (20:14:44) | INFO: Quitting! Runtime: 23:39:55

2024/10/04 (14:55:53) | ===> btop++ v.1.4.0
2024/10/04 (14:55:53) | INFO: Logger set to DEBUG
2024/10/04 (14:55:53) | DEBUG: Using locale en_US.UTF-8
2024/10/04 (14:55:53) | INFO: Running on /dev/pts/2
2024/10/04 (14:55:53) | INFO: Failed to load libnvidia-ml.so, NVIDIA GPUs will not be detected: libnvidia-ml.so.1: cannot open shared object file: No such file or directory
2024/10/04 (14:55:53) | INFO: Failed to load librocm_smi64.so, AMD GPUs will not be detected: librocm_smi64.so.6: cannot open shared object file: No such file or directory
2024/10/04 (14:55:53) | WARNING: Intel GPU: Failed to initialize PMU
2024/10/04 (14:55:53) | DEBUG: Shared::init() : Initialized.

2025/01/07 (19:09:35) | ===> btop++ v.1.4.0
2025/01/07 (19:09:35) | INFO: Logger set to DEBUG
2025/01/07 (19:09:35) | DEBUG: Using locale en_US.UTF-8
2025/01/07 (19:09:35) | INFO: Running on /dev/pts/0
2025/01/07 (19:09:35) | INFO: Failed to load libnvidia-ml.so, NVIDIA GPUs will not be detected: libnvidia-ml.so.1: cannot open shared object file: No such file or directory
2025/01/07 (19:09:35) | INFO: Failed to load librocm_smi64.so, AMD GPUs will not be detected: librocm_smi64.so.6: cannot open shared object file: No such file or directory
2025/01/07 (19:09:35) | WARNING: Intel GPU: Failed to initialize PMU
2025/01/07 (19:09:35) | DEBUG: Shared::init() : Initialized.

2025/01/08 (08:58:17) | ===> btop++ v.1.4.0
2025/01/08 (08:58:17) | INFO: Logger set to DEBUG
2025/01/08 (08:58:17) | DEBUG: Using locale en_US.UTF-8
2025/01/08 (08:58:17) | INFO: Running on /dev/pts/1
2025/01/08 (08:58:17) | INFO: Failed to load libnvidia-ml.so, NVIDIA GPUs will not be detected: libnvidia-ml.so.1: cannot open shared object file: No such file or directory
2025/01/08 (08:58:17) | INFO: Failed to load librocm_smi64.so, AMD GPUs will not be detected: librocm_smi64.so.6: cannot open shared object file: No such file or directory
2025/01/08 (08:58:17) | WARNING: Intel GPU: Failed to initialize PMU
2025/01/08 (08:58:17) | DEBUG: Shared::init() : Initialized.

2025/01/09 (23:01:20) | ===> btop++ v.1.4.0
2025/01/09 (23:01:20) | INFO: Logger set to DEBUG
2025/01/09 (23:01:20) | DEBUG: Using locale en_US.UTF-8
2025/01/09 (23:01:20) | INFO: Running on /dev/pts/0
2025/01/09 (23:01:20) | INFO: Failed to load libnvidia-ml.so, NVIDIA GPUs will not be detected: libnvidia-ml.so.1: cannot open shared object file: No such file or directory
2025/01/09 (23:01:20) | INFO: Failed to load librocm_smi64.so, AMD GPUs will not be detected: librocm_smi64.so.6: cannot open shared object file: No such file or directory
2025/01/09 (23:01:20) | WARNING: Intel GPU: Failed to initialize PMU
2025/01/09 (23:01:20) | DEBUG: Shared::init() : Initialized.

2025/01/12 (17:57:47) | ===> btop++ v.1.4.0
2025/01/12 (17:57:47) | INFO: Logger set to DEBUG
2025/01/12 (17:57:47) | DEBUG: Using locale en_US.UTF-8
2025/01/12 (17:57:47) | INFO: Running on /dev/pts/1
2025/01/12 (17:57:47) | INFO: Failed to load libnvidia-ml.so, NVIDIA GPUs will not be detected: libnvidia-ml.so.1: cannot open shared object file: No such file or directory
2025/01/12 (17:57:47) | INFO: Failed to load librocm_smi64.so, AMD GPUs will not be detected: librocm_smi64.so.6: cannot open shared object file: No such file or directory
2025/01/12 (17:57:47) | WARNING: Intel GPU: Failed to initialize PMU
2025/01/12 (17:57:47) | DEBUG: Shared::init() : Initialized.

2025/01/14 (20:16:30) | ===> btop++ v.1.4.0
2025/01/14 (20:16:30) | INFO: Logger set to DEBUG
2025/01/14 (20:16:30) | DEBUG: Using locale en_US.UTF-8
2025/01/14 (20:16:30) | INFO: Running on /dev/pts/0
2025/01/14 (20:16:30) | INFO: Failed to load libnvidia-ml.so, NVIDIA GPUs will not be detected: libnvidia-ml.so.1: cannot open shared object file: No such file or directory
2025/01/14 (20:16:30) | INFO: Failed to load librocm_smi64.so, AMD GPUs will not be detected: librocm_smi64.so.6: cannot open shared object file: No such file or directory
2025/01/14 (20:16:30) | WARNING: Intel GPU: Failed to initialize PMU
2025/01/14 (20:16:30) | DEBUG: Shared::init() : Initialized.

2025/01/15 (01:45:25) | ===> btop++ v.1.4.0
2025/01/15 (01:45:25) | INFO: Logger set to DEBUG
2025/01/15 (01:45:25) | DEBUG: Using locale en_US.UTF-8
2025/01/15 (01:45:25) | INFO: Running on /dev/pts/2
2025/01/15 (01:45:25) | INFO: Failed to load libnvidia-ml.so, NVIDIA GPUs will not be detected: libnvidia-ml.so.1: cannot open shared object file: No such file or directory
2025/01/15 (01:45:25) | INFO: Failed to load librocm_smi64.so, AMD GPUs will not be detected: librocm_smi64.so.6: cannot open shared object file: No such file or directory
2025/01/15 (01:45:25) | WARNING: Intel GPU: Failed to initialize PMU
2025/01/15 (01:45:25) | DEBUG: Shared::init() : Initialized.
2025/01/15 (01:46:13) | INFO: Quitting! Runtime: 00:00:48

2025/01/15 (01:48:25) | ===> btop++ v.1.4.0
2025/01/15 (01:48:25) | INFO: Logger set to DEBUG
2025/01/15 (01:48:25) | DEBUG: Using locale en_US.UTF-8
2025/01/15 (01:48:25) | INFO: Running on /dev/pts/2
2025/01/15 (01:48:25) | INFO: Failed to load libnvidia-ml.so, NVIDIA GPUs will not be detected: libnvidia-ml.so.1: cannot open shared object file: No such file or directory
2025/01/15 (01:48:25) | INFO: Failed to load librocm_smi64.so, AMD GPUs will not be detected: librocm_smi64.so.6: cannot open shared object file: No such file or directory
2025/01/15 (01:48:25) | WARNING: Intel GPU: Failed to initialize PMU
2025/01/15 (01:48:25) | DEBUG: Shared::init() : Initialized.

2025/01/15 (01:53:51) | ===> btop++ v.1.4.0
2025/01/15 (01:53:51) | INFO: Logger set to DEBUG
2025/01/15 (01:53:51) | DEBUG: Using locale en_US.UTF-8
2025/01/15 (01:53:51) | INFO: Running on /dev/pts/2
2025/01/15 (01:53:51) | INFO: Failed to load libnvidia-ml.so, NVIDIA GPUs will not be detected: libnvidia-ml.so.1: cannot open shared object file: No such file or directory
2025/01/15 (01:53:51) | INFO: Failed to load librocm_smi64.so, AMD GPUs will not be detected: librocm_smi64.so.6: cannot open shared object file: No such file or directory
2025/01/15 (01:53:51) | WARNING: Intel GPU: Failed to initialize PMU
2025/01/15 (01:53:51) | DEBUG: Shared::init() : Initialized.
2025/01/15 (01:53:58) | INFO: Quitting! Runtime: 00:00:07

2025/01/15 (01:59:33) | ===> btop++ v.1.4.0
2025/01/15 (01:59:33) | INFO: Logger set to DEBUG
2025/01/15 (01:59:33) | DEBUG: Using locale en_US.UTF-8
2025/01/15 (01:59:33) | INFO: Running on /dev/pts/2
2025/01/15 (01:59:33) | INFO: Failed to load libnvidia-ml.so, NVIDIA GPUs will not be detected: libnvidia-ml.so.1: cannot open shared object file: No such file or directory
2025/01/15 (01:59:33) | INFO: Failed to load librocm_smi64.so, AMD GPUs will not be detected: librocm_smi64.so.6: cannot open shared object file: No such file or directory
2025/01/15 (01:59:33) | WARNING: Intel GPU: Failed to initialize PMU
2025/01/15 (01:59:33) | DEBUG: Shared::init() : Initialized.

2025/01/15 (03:16:24) | ===> btop++ v.1.4.0
2025/01/15 (03:16:24) | INFO: Logger set to DEBUG
2025/01/15 (03:16:24) | DEBUG: Using locale en_US.UTF-8
2025/01/15 (03:16:24) | INFO: Running on /dev/pts/5
2025/01/15 (03:16:24) | INFO: Failed to load libnvidia-ml.so, NVIDIA GPUs will not be detected: libnvidia-ml.so.1: cannot open shared object file: No such file or directory
2025/01/15 (03:16:24) | INFO: Failed to load librocm_smi64.so, AMD GPUs will not be detected: librocm_smi64.so.6: cannot open shared object file: No such file or directory
2025/01/15 (03:16:24) | WARNING: Intel GPU: Failed to initialize PMU
2025/01/15 (03:16:24) | DEBUG: Shared::init() : Initialized.

2025/01/15 (04:05:01) | ===> btop++ v.1.4.0
2025/01/15 (04:05:01) | INFO: Logger set to DEBUG
2025/01/15 (04:05:01) | DEBUG: Using locale en_US.UTF-8
2025/01/15 (04:05:01) | INFO: Running on /dev/pts/4
2025/01/15 (04:05:01) | INFO: Failed to load libnvidia-ml.so, NVIDIA GPUs will not be detected: libnvidia-ml.so.1: cannot open shared object file: No such file or directory
2025/01/15 (04:05:01) | INFO: Failed to load librocm_smi64.so, AMD GPUs will not be detected: librocm_smi64.so.6: cannot open shared object file: No such file or directory
2025/01/15 (04:05:01) | WARNING: Intel GPU: Failed to initialize PMU
2025/01/15 (04:05:01) | DEBUG: Shared::init() : Initialized.
2025/01/15 (04:05:22) | INFO: Quitting! Runtime: 00:00:21

2025/01/16 (13:57:48) | ===> btop++ v.1.4.0
2025/01/16 (13:57:48) | INFO: Logger set to DEBUG
2025/01/16 (13:57:48) | DEBUG: Using locale en_US.UTF-8
2025/01/16 (13:57:48) | INFO: Running on /dev/pts/0
2025/01/16 (13:57:48) | INFO: Failed to load libnvidia-ml.so, NVIDIA GPUs will not be detected: libnvidia-ml.so.1: cannot open shared object file: No such file or directory
2025/01/16 (13:57:48) | INFO: Failed to load librocm_smi64.so, AMD GPUs will not be detected: librocm_smi64.so.6: cannot open shared object file: No such file or directory
2025/01/16 (13:57:48) | WARNING: Intel GPU: Failed to initialize PMU
2025/01/16 (13:57:48) | DEBUG: Shared::init() : Initialized.

2025/01/16 (15:33:31) | ===> btop++ v.1.4.0
2025/01/16 (15:33:31) | INFO: Logger set to DEBUG
2025/01/16 (15:33:31) | DEBUG: Using locale en_US.UTF-8
2025/01/16 (15:33:31) | INFO: Running on /dev/pts/0
2025/01/16 (15:33:31) | INFO: Failed to load libnvidia-ml.so, NVIDIA GPUs will not be detected: libnvidia-ml.so.1: cannot open shared object file: No such file or directory
2025/01/16 (15:33:31) | INFO: Failed to load librocm_smi64.so, AMD GPUs will not be detected: librocm_smi64.so.6: cannot open shared object file: No such file or directory
2025/01/16 (15:33:31) | WARNING: Intel GPU: Failed to initialize PMU
2025/01/16 (15:33:31) | DEBUG: Shared::init() : Initialized.

2025/01/17 (13:36:55) | ===> btop++ v.1.4.0
2025/01/17 (13:36:55) | INFO: Logger set to DEBUG
2025/01/17 (13:36:55) | DEBUG: Using locale en_US.UTF-8
2025/01/17 (13:36:55) | INFO: Running on /dev/pts/0
2025/01/17 (13:36:55) | INFO: Failed to load libnvidia-ml.so, NVIDIA GPUs will not be detected: libnvidia-ml.so.1: cannot open shared object file: No such file or directory
2025/01/17 (13:36:55) | INFO: Failed to load librocm_smi64.so, AMD GPUs will not be detected: librocm_smi64.so.6: cannot open shared object file: No such file or directory
2025/01/17 (13:36:55) | WARNING: Intel GPU: Failed to initialize PMU
2025/01/17 (13:36:55) | DEBUG: Shared::init() : Initialized.

2025/01/20 (19:22:18) | ===> btop++ v.1.4.0
2025/01/20 (19:22:18) | INFO: Logger set to DEBUG
2025/01/20 (19:22:18) | DEBUG: Using locale en_US.UTF-8
2025/01/20 (19:22:18) | INFO: Running on /dev/pts/0
2025/01/20 (19:22:18) | INFO: Failed to load libnvidia-ml.so, NVIDIA GPUs will not be detected: libnvidia-ml.so.1: cannot open shared object file: No such file or directory
2025/01/20 (19:22:18) | INFO: Failed to load librocm_smi64.so, AMD GPUs will not be detected: librocm_smi64.so.6: cannot open shared object file: No such file or directory
2025/01/20 (19:22:18) | WARNING: Intel GPU: Failed to initialize PMU
2025/01/20 (19:22:18) | DEBUG: Shared::init() : Initialized.

2025/01/20 (19:24:05) | ===> btop++ v.1.4.0
2025/01/20 (19:24:05) | INFO: Logger set to DEBUG
2025/01/20 (19:24:05) | DEBUG: Using locale en_US.UTF-8
2025/01/20 (19:24:05) | INFO: Running on /dev/pts/0
2025/01/20 (19:24:05) | INFO: Failed to load libnvidia-ml.so, NVIDIA GPUs will not be detected: libnvidia-ml.so.1: cannot open shared object file: No such file or directory
2025/01/20 (19:24:05) | INFO: Failed to load librocm_smi64.so, AMD GPUs will not be detected: librocm_smi64.so.6: cannot open shared object file: No such file or directory
2025/01/20 (19:24:05) | WARNING: Intel GPU: Failed to initialize PMU
2025/01/20 (19:24:05) | DEBUG: Shared::init() : Initialized.

2025/01/21 (18:03:00) | ===> btop++ v.1.4.0
2025/01/21 (18:03:00) | INFO: Logger set to DEBUG
2025/01/21 (18:03:00) | DEBUG: Using locale en_US.UTF-8
2025/01/21 (18:03:00) | INFO: Running on /dev/pts/2
2025/01/21 (18:03:01) | INFO: Failed to load libnvidia-ml.so, NVIDIA GPUs will not be detected: libnvidia-ml.so.1: cannot open shared object file: No such file or directory
2025/01/21 (18:03:01) | INFO: Failed to load librocm_smi64.so, AMD GPUs will not be detected: librocm_smi64.so.6: cannot open shared object file: No such file or directory
2025/01/21 (18:03:01) | WARNING: Intel GPU: Failed to initialize PMU
2025/01/21 (18:03:01) | DEBUG: Shared::init() : Initialized.

2025/02/18 (03:01:16) | ===> btop++ v.1.4.0
2025/02/18 (03:01:16) | INFO: Logger set to DEBUG
2025/02/18 (03:01:16) | DEBUG: Using locale en_US.UTF-8
2025/02/18 (03:01:16) | INFO: Running on /dev/pts/0
2025/02/18 (03:01:16) | INFO: Failed to load libnvidia-ml.so, NVIDIA GPUs will not be detected: libnvidia-ml.so.1: cannot open shared object file: No such file or directory
2025/02/18 (03:01:16) | INFO: Failed to load librocm_smi64.so, AMD GPUs will not be detected: librocm_smi64.so.6: cannot open shared object file: No such file or directory
2025/02/18 (03:01:16) | WARNING: Intel GPU: Failed to initialize PMU
2025/02/18 (03:01:16) | DEBUG: Shared::init() : Initialized.

2025/02/19 (07:51:20) | ===> btop++ v.1.4.0
2025/02/19 (07:51:20) | INFO: Logger set to DEBUG
2025/02/19 (07:51:20) | DEBUG: Using locale en_US.UTF-8
2025/02/19 (07:51:20) | INFO: Running on /dev/pts/4
2025/02/19 (07:51:20) | INFO: Failed to load libnvidia-ml.so, NVIDIA GPUs will not be detected: libnvidia-ml.so.1: cannot open shared object file: No such file or directory
2025/02/19 (07:51:20) | INFO: Failed to load librocm_smi64.so, AMD GPUs will not be detected: librocm_smi64.so.6: cannot open shared object file: No such file or directory
2025/02/19 (07:51:20) | WARNING: Intel GPU: Failed to initialize PMU
2025/02/19 (07:51:20) | DEBUG: Shared::init() : Initialized.

2025/02/21 (17:30:08) | ===> btop++ v.1.4.0
2025/02/21 (17:30:08) | INFO: Logger set to DEBUG
2025/02/21 (17:30:08) | DEBUG: Using locale en_US.UTF-8
2025/02/21 (17:30:08) | INFO: Running on /dev/pts/1
2025/02/21 (17:30:08) | INFO: Failed to load libnvidia-ml.so, NVIDIA GPUs will not be detected: libnvidia-ml.so.1: cannot open shared object file: No such file or directory
2025/02/21 (17:30:08) | INFO: Failed to load librocm_smi64.so, AMD GPUs will not be detected: librocm_smi64.so.6: cannot open shared object file: No such file or directory
2025/02/21 (17:30:08) | WARNING: Intel GPU: Failed to initialize PMU
2025/02/21 (17:30:08) | DEBUG: Shared::init() : Initialized.

2025/02/24 (13:45:02) | ===> btop++ v.1.4.0
2025/02/24 (13:45:02) | INFO: Logger set to DEBUG
2025/02/24 (13:45:02) | DEBUG: Using locale en_US.UTF-8
2025/02/24 (13:45:02) | INFO: Running on /dev/pts/1
2025/02/24 (13:45:02) | INFO: Failed to load libnvidia-ml.so, NVIDIA GPUs will not be detected: libnvidia-ml.so.1: cannot open shared object file: No such file or directory
2025/02/24 (13:45:02) | INFO: Failed to load librocm_smi64.so, AMD GPUs will not be detected: librocm_smi64.so.6: cannot open shared object file: No such file or directory
2025/02/24 (13:45:02) | WARNING: Intel GPU: Failed to initialize PMU
2025/02/24 (13:45:02) | DEBUG: Shared::init() : Initialized.

2025/03/01 (14:04:18) | ===> btop++ v.1.4.0
2025/03/01 (14:04:18) | INFO: Logger set to DEBUG
2025/03/01 (14:04:18) | DEBUG: Using locale en_US.UTF-8
2025/03/01 (14:04:18) | INFO: Running on /dev/pts/0
2025/03/01 (14:04:18) | INFO: Failed to load libnvidia-ml.so, NVIDIA GPUs will not be detected: libnvidia-ml.so.1: cannot open shared object file: No such file or directory
2025/03/01 (14:04:18) | INFO: Failed to load librocm_smi64.so, AMD GPUs will not be detected: librocm_smi64.so.6: cannot open shared object file: No such file or directory
2025/03/01 (14:04:18) | WARNING: Intel GPU: Failed to initialize PMU
2025/03/01 (14:04:18) | DEBUG: Shared::init() : Initialized.
2025/03/01 (14:04:32) | INFO: Quitting! Runtime: 00:00:14

2025/03/10 (17:55:10) | ===> btop++ v.1.4.0
2025/03/10 (17:55:10) | INFO: Logger set to DEBUG
2025/03/10 (17:55:10) | DEBUG: Using locale en_US.UTF-8
2025/03/10 (17:55:10) | INFO: Running on /dev/pts/0
2025/03/10 (17:55:10) | INFO: Failed to load libnvidia-ml.so, NVIDIA GPUs will not be detected: libnvidia-ml.so.1: cannot open shared object file: No such file or directory
2025/03/10 (17:55:10) | INFO: Failed to load librocm_smi64.so, AMD GPUs will not be detected: librocm_smi64.so.6: cannot open shared object file: No such file or directory
2025/03/10 (17:55:10) | WARNING: Intel GPU: Failed to initialize PMU
2025/03/10 (17:55:10) | DEBUG: Shared::init() : Initialized.

2025/03/21 (01:07:14) | ===> btop++ v.1.4.0
2025/03/21 (01:07:14) | INFO: Logger set to DEBUG
2025/03/21 (01:07:14) | DEBUG: Using locale en_US.UTF-8
2025/03/21 (01:07:14) | INFO: Running on /dev/pts/0
2025/03/21 (01:07:14) | INFO: Failed to load libnvidia-ml.so, NVIDIA GPUs will not be detected: libnvidia-ml.so.1: cannot open shared object file: No such file or directory
2025/03/21 (01:07:14) | INFO: Failed to load librocm_smi64.so, AMD GPUs will not be detected: librocm_smi64.so.6: cannot open shared object file: No such file or directory
2025/03/21 (01:07:14) | WARNING: Intel GPU: Failed to initialize PMU
2025/03/21 (01:07:14) | DEBUG: Shared::init() : Initialized.

2025/03/21 (02:03:06) | ===> btop++ v.1.4.0
2025/03/21 (02:03:06) | INFO: Logger set to DEBUG
2025/03/21 (02:03:06) | DEBUG: Using locale en_US.UTF-8
2025/03/21 (02:03:06) | INFO: Running on /dev/tty2
2025/03/21 (02:03:06) | INFO: Real tty detected: setting 16 color mode and using tty friendly graph symbols
2025/03/21 (02:03:06) | INFO: Failed to load libnvidia-ml.so, NVIDIA GPUs will not be detected: libnvidia-ml.so.1: cannot open shared object file: No such file or directory
2025/03/21 (02:03:06) | INFO: Failed to load librocm_smi64.so, AMD GPUs will not be detected: librocm_smi64.so.6: cannot open shared object file: No such file or directory
2025/03/21 (02:03:06) | WARNING: Intel GPU: Failed to initialize PMU
2025/03/21 (02:03:06) | DEBUG: Shared::init() : Initialized.
2025/03/21 (02:03:18) | INFO: Quitting! Runtime: 00:00:12

2025/03/21 (04:13:02) | ===> btop++ v.1.4.0
2025/03/21 (04:13:02) | INFO: Logger set to DEBUG
2025/03/21 (04:13:02) | DEBUG: Using locale en_US.UTF-8
2025/03/21 (04:13:02) | INFO: Running on /dev/pts/3
2025/03/21 (04:13:02) | INFO: Failed to load libnvidia-ml.so, NVIDIA GPUs will not be detected: libnvidia-ml.so.1: cannot open shared object file: No such file or directory
2025/03/21 (04:13:02) | INFO: Failed to load librocm_smi64.so, AMD GPUs will not be detected: librocm_smi64.so.6: cannot open shared object file: No such file or directory
2025/03/21 (04:13:02) | WARNING: Intel GPU: Failed to initialize PMU
2025/03/21 (04:13:02) | DEBUG: Shared::init() : Initialized.

2025/03/27 (15:12:23) | ===> btop++ v.1.4.0
2025/03/27 (15:12:23) | INFO: Logger set to DEBUG
2025/03/27 (15:12:23) | DEBUG: Using locale en_US.UTF-8
2025/03/27 (15:12:23) | INFO: Running on /dev/pts/0
2025/03/27 (15:12:23) | INFO: Failed to load libnvidia-ml.so, NVIDIA GPUs will not be detected: libnvidia-ml.so.1: cannot open shared object file: No such file or directory
2025/03/27 (15:12:23) | INFO: Failed to load librocm_smi64.so, AMD GPUs will not be detected: librocm_smi64.so.6: cannot open shared object file: No such file or directory
2025/03/27 (15:12:23) | WARNING: Intel GPU: Failed to initialize PMU
2025/03/27 (15:12:23) | DEBUG: Shared::init() : Initialized.

2025/03/28 (15:15:22) | ===> btop++ v.1.4.0
2025/03/28 (15:15:22) | INFO: Logger set to DEBUG
2025/03/28 (15:15:22) | DEBUG: Using locale en_US.UTF-8
2025/03/28 (15:15:22) | INFO: Running on /dev/pts/1
2025/03/28 (15:15:22) | INFO: Failed to load libnvidia-ml.so, NVIDIA GPUs will not be detected: libnvidia-ml.so.1: cannot open shared object file: No such file or directory
2025/03/28 (15:15:22) | INFO: Failed to load librocm_smi64.so, AMD GPUs will not be detected: librocm_smi64.so.6: cannot open shared object file: No such file or directory
2025/03/28 (15:15:22) | WARNING: Intel GPU: Failed to initialize PMU
2025/03/28 (15:15:22) | DEBUG: Shared::init() : Initialized.

2025/03/31 (19:51:38) | ===> btop++ v.1.4.0
2025/03/31 (19:51:38) | INFO: Logger set to DEBUG
2025/03/31 (19:51:38) | DEBUG: Using locale en_US.UTF-8
2025/03/31 (19:51:38) | INFO: Running on /dev/pts/1
2025/03/31 (19:51:38) | INFO: Failed to load libnvidia-ml.so, NVIDIA GPUs will not be detected: libnvidia-ml.so.1: cannot open shared object file: No such file or directory
2025/03/31 (19:51:38) | INFO: Failed to load librocm_smi64.so, AMD GPUs will not be detected: librocm_smi64.so.6: cannot open shared object file: No such file or directory
2025/03/31 (19:51:38) | WARNING: Intel GPU: Failed to initialize PMU
2025/03/31 (19:51:38) | DEBUG: Shared::init() : Initialized.

2025/04/04 (18:37:19) | ===> btop++ v.1.4.0
2025/04/04 (18:37:19) | INFO: Logger set to DEBUG
2025/04/04 (18:37:19) | DEBUG: Using locale en_US.UTF-8
2025/04/04 (18:37:19) | INFO: Running on /dev/pts/2
2025/04/04 (18:37:19) | INFO: Failed to load libnvidia-ml.so, NVIDIA GPUs will not be detected: libnvidia-ml.so.1: cannot open shared object file: No such file or directory
2025/04/04 (18:37:19) | INFO: Failed to load librocm_smi64.so, AMD GPUs will not be detected: librocm_smi64.so.6: cannot open shared object file: No such file or directory
2025/04/04 (18:37:19) | WARNING: Intel GPU: Failed to initialize PMU
2025/04/04 (18:37:19) | DEBUG: Shared::init() : Initialized.

2025/04/04 (18:38:42) | ===> btop++ v.1.4.0
2025/04/04 (18:38:42) | INFO: Logger set to DEBUG
2025/04/04 (18:38:42) | DEBUG: Using locale en_US.UTF-8
2025/04/04 (18:38:42) | INFO: Running on /dev/pts/2
2025/04/04 (18:38:42) | INFO: Failed to load libnvidia-ml.so, NVIDIA GPUs will not be detected: libnvidia-ml.so.1: cannot open shared object file: No such file or directory
2025/04/04 (18:38:42) | INFO: Failed to load librocm_smi64.so, AMD GPUs will not be detected: librocm_smi64.so.6: cannot open shared object file: No such file or directory
2025/04/04 (18:38:42) | WARNING: Intel GPU: Failed to initialize PMU
2025/04/04 (18:38:42) | DEBUG: Shared::init() : Initialized.

2025/04/04 (21:20:02) | ===> btop++ v.1.4.0
2025/04/04 (21:20:02) | INFO: Logger set to DEBUG
2025/04/04 (21:20:02) | DEBUG: Using locale en_US.UTF-8
2025/04/04 (21:20:02) | INFO: Running on /dev/pts/2
2025/04/04 (21:20:02) | INFO: Failed to load libnvidia-ml.so, NVIDIA GPUs will not be detected: libnvidia-ml.so.1: cannot open shared object file: No such file or directory
2025/04/04 (21:20:02) | INFO: Failed to load librocm_smi64.so, AMD GPUs will not be detected: librocm_smi64.so.6: cannot open shared object file: No such file or directory
2025/04/04 (21:20:02) | WARNING: Intel GPU: Failed to initialize PMU
2025/04/04 (21:20:02) | DEBUG: Shared::init() : Initialized.

2025/04/04 (21:51:37) | ===> btop++ v.1.4.0
2025/04/04 (21:51:37) | INFO: Logger set to DEBUG
2025/04/04 (21:51:37) | DEBUG: Using locale en_US.UTF-8
2025/04/04 (21:51:37) | INFO: Running on /dev/pts/2
2025/04/04 (21:51:38) | INFO: Failed to load libnvidia-ml.so, NVIDIA GPUs will not be detected: libnvidia-ml.so.1: cannot open shared object file: No such file or directory
2025/04/04 (21:51:38) | INFO: Failed to load librocm_smi64.so, AMD GPUs will not be detected: librocm_smi64.so.6: cannot open shared object file: No such file or directory
2025/04/04 (21:51:38) | WARNING: Intel GPU: Failed to initialize PMU
2025/04/04 (21:51:38) | DEBUG: Shared::init() : Initialized.

2025/04/07 (17:31:12) | ===> btop++ v.1.4.0
2025/04/07 (17:31:12) | INFO: Logger set to DEBUG
2025/04/07 (17:31:12) | DEBUG: Using locale en_US.UTF-8
2025/04/07 (17:31:12) | INFO: Running on /dev/pts/3
2025/04/07 (17:31:12) | INFO: Failed to load libnvidia-ml.so, NVIDIA GPUs will not be detected: libnvidia-ml.so.1: cannot open shared object file: No such file or directory
2025/04/07 (17:31:12) | INFO: Failed to load librocm_smi64.so, AMD GPUs will not be detected: librocm_smi64.so.6: cannot open shared object file: No such file or directory
2025/04/07 (17:31:12) | WARNING: Intel GPU: Failed to initialize PMU
2025/04/07 (17:31:12) | DEBUG: Shared::init() : Initialized.
2025/04/07 (17:31:30) | INFO: Quitting! Runtime: 00:00:18
